{
  "RSpec": {
    "coverage": {
      "/home/vishwajit/Documents/foram-incubyte/incubyte-string-calculator-kata/spec/string_calculator_spec.rb": {
        "lines": [
          1,
          1,
          null,
          1,
          21,
          null,
          1,
          null,
          1,
          1,
          null,
          null,
          1,
          1,
          1,
          null,
          null,
          1,
          1,
          1,
          null,
          null,
          1,
          1,
          1,
          null,
          null,
          1,
          1,
          1,
          1,
          null,
          null,
          1,
          1,
          1,
          1,
          null,
          null,
          1,
          2,
          2,
          null,
          null,
          1,
          2,
          null,
          null,
          1,
          1,
          null,
          null,
          null,
          1,
          1,
          1,
          1,
          null,
          null,
          null,
          1,
          1,
          1,
          1,
          null,
          null,
          null,
          1,
          1,
          1,
          1,
          null,
          null,
          null,
          1,
          1,
          1,
          1,
          1,
          null,
          null,
          1,
          1,
          1,
          1,
          null,
          null,
          1,
          1,
          null,
          null,
          1,
          1,
          null,
          null,
          1,
          2,
          null,
          null,
          1,
          1,
          null,
          null,
          1,
          2,
          1,
          null,
          null,
          1,
          2,
          1,
          null,
          null,
          null
        ]
      },
      "/home/vishwajit/Documents/foram-incubyte/incubyte-string-calculator-kata/lib/string_calculator.rb": {
        "lines": [
          1,
          null,
          1,
          41,
          null,
          40,
          40,
          19,
          null,
          null,
          40,
          40,
          190,
          null,
          null,
          1,
          null,
          null,
          1,
          19,
          19,
          null,
          19,
          10,
          null,
          9,
          null,
          null,
          null,
          43,
          19,
          null,
          null,
          null,
          1,
          244,
          183,
          null,
          null,
          null,
          null,
          1,
          223,
          40,
          null,
          null
        ]
      }
    },
    "timestamp": 1760553322
  }
}
